SF:lib\core\constants\strings.dart
DA:5,1
DA:6,1
DA:7,0
DA:8,0
LF:4
LH:2
end_of_record
SF:lib\data\datasource\rempote_data_source.dart
DA:14,1
DA:16,1
DA:19,4
DA:21,2
DA:22,3
DA:24,1
LF:6
LH:6
end_of_record
SF:lib\data\model\weather_model.dart
DA:5,4
DA:13,2
DA:23,4
DA:24,2
DA:25,6
DA:26,6
DA:27,6
DA:28,4
DA:29,4
DA:30,4
DA:33,2
DA:34,2
DA:35,1
DA:36,1
DA:37,1
DA:39,1
DA:40,1
DA:41,1
DA:42,1
DA:44,1
DA:46,2
DA:47,1
DA:48,1
DA:49,1
DA:50,1
DA:51,1
DA:52,1
DA:53,1
LF:28
LH:28
end_of_record
SF:lib\core\error\failure.dart
DA:6,7
DA:8,0
DA:9,0
DA:13,7
DA:17,7
DA:21,0
LF:6
LH:3
end_of_record
SF:lib\domain\entitiy\weather.dart
DA:12,8
DA:22,3
DA:23,3
DA:24,3
DA:25,3
DA:26,3
DA:27,3
DA:28,3
DA:29,3
DA:30,3
LF:10
LH:10
end_of_record
SF:lib\domain\usecase\get_current_weather.dart
DA:9,1
DA:11,1
DA:12,2
LF:3
LH:3
end_of_record
SF:lib\data\repository\weather_repository_impl.dart
DA:14,1
DA:16,1
DA:19,2
DA:20,2
DA:21,1
DA:23,1
LF:6
LH:6
end_of_record
SF:lib\presentation\bloc\weather_state.dart
DA:4,3
DA:6,1
DA:7,1
DA:17,2
DA:19,1
DA:20,2
DA:26,0
DA:28,0
DA:29,0
LF:9
LH:6
end_of_record
SF:lib\presentation\bloc\weather_event.dart
DA:5,2
DA:7,0
DA:8,0
DA:14,2
DA:16,0
DA:17,0
LF:6
LH:2
end_of_record
SF:lib\presentation\bloc\weather_bloc.dart
DA:15,3
DA:16,1
DA:17,1
DA:19,2
DA:20,3
DA:21,1
DA:22,0
DA:23,0
DA:25,1
DA:26,2
DA:31,1
DA:36,1
DA:37,3
LF:13
LH:11
end_of_record
SF:lib\presentation\views\weather_page.dart
DA:11,1
DA:13,1
DA:15,1
DA:16,1
DA:24,1
DA:26,1
DA:28,1
DA:29,1
DA:31,1
DA:35,1
DA:37,1
DA:39,1
DA:41,1
DA:44,1
DA:45,3
DA:49,1
DA:50,1
DA:51,1
DA:56,1
DA:57,0
DA:59,0
DA:60,0
DA:62,0
DA:63,0
DA:64,0
DA:69,0
DA:70,0
DA:71,0
DA:72,0
DA:79,0
DA:80,0
DA:87,0
DA:89,0
DA:94,0
DA:95,0
DA:96,0
DA:107,0
DA:109,0
DA:110,0
DA:120,0
DA:121,0
DA:132,0
DA:134,0
DA:135,0
DA:145,0
DA:146,0
DA:157,0
DA:159,0
DA:160,0
DA:175,1
DA:176,0
DA:177,0
DA:180,1
LF:53
LH:21
end_of_record
